TN:
SF:src/react-app-env.ts
FNF:0
FNH:0
LF:0
LH:0
BRF:0
BRH:0
end_of_record
TN:
SF:src/commons/navigationBar/NavigationBar.tsx
FN:45,(anonymous_0)
FN:61,(anonymous_1)
FN:61,(anonymous_2)
FN:68,(anonymous_3)
FN:71,(anonymous_4)
FN:74,(anonymous_5)
FN:90,(anonymous_6)
FN:92,(anonymous_7)
FN:99,(anonymous_8)
FN:120,(anonymous_9)
FN:133,(anonymous_10)
FN:142,(anonymous_11)
FN:192,(anonymous_12)
FN:196,(anonymous_13)
FN:208,(anonymous_14)
FN:214,(anonymous_15)
FN:219,(anonymous_16)
FN:243,(anonymous_17)
FN:244,(anonymous_18)
FN:246,(anonymous_19)
FN:275,(anonymous_20)
FN:284,(anonymous_21)
FN:371,(anonymous_22)
FN:375,(anonymous_23)
FN:383,(anonymous_24)
FN:385,(anonymous_25)
FN:395,(anonymous_26)
FNF:27
FNH:17
FNDA:5,(anonymous_0)
FNDA:5,(anonymous_1)
FNDA:5,(anonymous_2)
FNDA:0,(anonymous_3)
FNDA:0,(anonymous_4)
FNDA:0,(anonymous_5)
FNDA:0,(anonymous_6)
FNDA:0,(anonymous_7)
FNDA:0,(anonymous_8)
FNDA:0,(anonymous_9)
FNDA:5,(anonymous_10)
FNDA:5,(anonymous_11)
FNDA:5,(anonymous_12)
FNDA:5,(anonymous_13)
FNDA:0,(anonymous_14)
FNDA:0,(anonymous_15)
FNDA:5,(anonymous_16)
FNDA:6,(anonymous_17)
FNDA:5,(anonymous_18)
FNDA:30,(anonymous_19)
FNDA:0,(anonymous_20)
FNDA:2,(anonymous_21)
FNDA:16,(anonymous_22)
FNDA:71,(anonymous_23)
FNDA:44,(anonymous_24)
FNDA:2,(anonymous_25)
FNDA:82,(anonymous_26)
DA:45,4
DA:46,5
DA:47,5
DA:48,5
DA:59,5
DA:60,5
DA:61,5
DA:65,5
DA:67,5
DA:69,0
DA:72,0
DA:74,0
DA:90,5
DA:92,0
DA:93,0
DA:95,0
DA:99,0
DA:120,0
DA:132,5
DA:134,5
DA:142,5
DA:143,5
DA:191,5
DA:192,5
DA:196,5
DA:197,5
DA:208,5
DA:209,0
DA:214,5
DA:215,0
DA:219,5
DA:221,5
DA:234,5
DA:243,6
DA:244,5
DA:246,30
DA:249,5
DA:275,5
DA:276,0
DA:281,5
DA:285,2
DA:305,5
DA:345,4
DA:371,4
DA:375,16
DA:376,71
DA:377,27
DA:380,44
DA:383,4
DA:384,44
DA:386,2
DA:395,82
LF:52
LH:41
BRDA:79,0,0,0
BRDA:79,0,1,0
BRDA:97,1,0,0
BRDA:97,1,1,0
BRDA:108,2,0,0
BRDA:108,2,1,0
BRDA:108,3,0,0
BRDA:108,3,1,0
BRDA:113,4,0,0
BRDA:113,4,1,0
BRDA:116,5,0,0
BRDA:116,5,1,0
BRDA:148,6,0,5
BRDA:148,6,1,1
BRDA:172,7,0,5
BRDA:172,7,1,1
BRDA:179,8,0,5
BRDA:179,8,1,1
BRDA:243,9,0,5
BRDA:243,9,1,1
BRDA:262,10,0,4
BRDA:262,10,1,1
BRDA:266,11,0,5
BRDA:266,11,1,4
BRDA:282,12,0,5
BRDA:282,12,1,0
BRDA:315,13,0,0
BRDA:315,13,1,5
BRDA:316,14,0,0
BRDA:316,14,1,0
BRDA:319,15,0,0
BRDA:319,15,1,5
BRDA:335,16,0,1
BRDA:335,16,1,4
BRDA:335,17,0,5
BRDA:335,17,1,5
BRDA:335,17,2,1
BRDA:376,18,0,27
BRDA:376,18,1,44
BRDA:398,19,0,44
BRDA:398,19,1,22
BRF:41
BRH:24
end_of_record
TN:
SF:src/commons/workspace/sharedb-ace.ts
FNF:0
FNH:0
LF:0
LH:0
BRF:0
BRH:0
end_of_record
TN:
SF:src/features/cseMachine/__tests__/__snapshots__/CseMachine.tsx.snap
FNF:0
FNH:0
DA:1,0
LF:1
LH:0
BRF:0
BRH:0
end_of_record
TN:
SF:src/pages/achievement/subcomponents/AchievementDashboard.tsx
FN:37,(anonymous_0)
FN:42,(anonymous_1)
FN:51,(anonymous_2)
FN:66,(anonymous_3)
FN:69,(anonymous_4)
FN:81,(anonymous_5)
FN:83,(anonymous_6)
FN:84,(anonymous_7)
FN:85,(anonymous_8)
FN:86,(anonymous_9)
FN:87,(anonymous_10)
FN:89,(anonymous_11)
FN:90,(anonymous_12)
FN:98,(anonymous_13)
FN:139,(anonymous_14)
FNF:15
FNH:0
FNDA:0,(anonymous_0)
FNDA:0,(anonymous_1)
FNDA:0,(anonymous_2)
FNDA:0,(anonymous_3)
FNDA:0,(anonymous_4)
FNDA:0,(anonymous_5)
FNDA:0,(anonymous_6)
FNDA:0,(anonymous_7)
FNDA:0,(anonymous_8)
FNDA:0,(anonymous_9)
FNDA:0,(anonymous_10)
FNDA:0,(anonymous_11)
FNDA:0,(anonymous_12)
FNDA:0,(anonymous_13)
FNDA:0,(anonymous_14)
DA:37,0
DA:42,0
DA:43,0
DA:51,0
DA:53,0
DA:54,0
DA:55,0
DA:63,0
DA:65,0
DA:66,0
DA:68,0
DA:69,0
DA:72,0
DA:81,0
DA:82,0
DA:83,0
DA:84,0
DA:85,0
DA:86,0
DA:88,0
DA:89,0
DA:91,0
DA:98,0
DA:99,0
DA:101,0
DA:105,0
DA:115,0
DA:121,0
DA:125,0
DA:126,0
DA:132,0
DA:133,0
DA:135,0
DA:136,0
DA:139,0
DA:140,0
DA:143,0
LF:37
LH:0
BRDA:99,0,0,0
BRDA:99,0,1,0
BRDA:101,1,0,0
BRDA:101,1,1,0
BRDA:115,2,0,0
BRDA:115,2,1,0
BRDA:121,3,0,0
BRDA:121,3,1,0
BRDA:121,3,2,0
BRDA:147,4,0,0
BRDA:147,4,1,0
BRDA:147,5,0,0
BRDA:147,5,1,0
BRDA:147,6,0,0
BRDA:147,6,1,0
BRDA:150,7,0,0
BRDA:150,7,1,0
BRDA:150,7,2,0
BRDA:154,8,0,0
BRDA:154,8,1,0
BRDA:160,9,0,0
BRDA:160,9,1,0
BRDA:181,10,0,0
BRDA:181,10,1,0
BRDA:181,11,0,0
BRDA:181,11,1,0
BRF:26
BRH:0
end_of_record

TN:
SF:src/react-app-env.ts
FNF:0
FNH:0
LF:0
LH:0
BRF:0
BRH:0
end_of_record
TN:
SF:src/commons/navigationBar/NavigationBar.tsx
FN:45,(anonymous_0)
FN:61,(anonymous_1)
FN:61,(anonymous_2)
FN:68,(anonymous_3)
FN:71,(anonymous_4)
FN:74,(anonymous_5)
FN:90,(anonymous_6)
FN:92,(anonymous_7)
FN:99,(anonymous_8)
FN:120,(anonymous_9)
FN:133,(anonymous_10)
FN:142,(anonymous_11)
FN:192,(anonymous_12)
FN:196,(anonymous_13)
FN:208,(anonymous_14)
FN:214,(anonymous_15)
FN:219,(anonymous_16)
FN:243,(anonymous_17)
FN:244,(anonymous_18)
FN:246,(anonymous_19)
FN:275,(anonymous_20)
FN:284,(anonymous_21)
FN:371,(anonymous_22)
FN:375,(anonymous_23)
FN:383,(anonymous_24)
FN:385,(anonymous_25)
FN:395,(anonymous_26)
FNF:27
FNH:0
FNDA:0,(anonymous_0)
FNDA:0,(anonymous_1)
FNDA:0,(anonymous_2)
FNDA:0,(anonymous_3)
FNDA:0,(anonymous_4)
FNDA:0,(anonymous_5)
FNDA:0,(anonymous_6)
FNDA:0,(anonymous_7)
FNDA:0,(anonymous_8)
FNDA:0,(anonymous_9)
FNDA:0,(anonymous_10)
FNDA:0,(anonymous_11)
FNDA:0,(anonymous_12)
FNDA:0,(anonymous_13)
FNDA:0,(anonymous_14)
FNDA:0,(anonymous_15)
FNDA:0,(anonymous_16)
FNDA:0,(anonymous_17)
FNDA:0,(anonymous_18)
FNDA:0,(anonymous_19)
FNDA:0,(anonymous_20)
FNDA:0,(anonymous_21)
FNDA:0,(anonymous_22)
FNDA:0,(anonymous_23)
FNDA:0,(anonymous_24)
FNDA:0,(anonymous_25)
FNDA:0,(anonymous_26)
DA:45,0
DA:46,0
DA:47,0
DA:48,0
DA:59,0
DA:60,0
DA:61,0
DA:65,0
DA:67,0
DA:69,0
DA:72,0
DA:74,0
DA:90,0
DA:92,0
DA:93,0
DA:95,0
DA:99,0
DA:120,0
DA:132,0
DA:134,0
DA:142,0
DA:143,0
DA:191,0
DA:192,0
DA:196,0
DA:197,0
DA:208,0
DA:209,0
DA:214,0
DA:215,0
DA:219,0
DA:221,0
DA:234,0
DA:243,0
DA:244,0
DA:246,0
DA:249,0
DA:275,0
DA:276,0
DA:281,0
DA:285,0
DA:305,0
DA:345,0
DA:371,0
DA:375,0
DA:376,0
DA:377,0
DA:380,0
DA:383,0
DA:384,0
DA:386,0
DA:395,0
LF:52
LH:0
BRDA:79,0,0,0
BRDA:79,0,1,0
BRDA:97,1,0,0
BRDA:97,1,1,0
BRDA:108,2,0,0
BRDA:108,2,1,0
BRDA:108,3,0,0
BRDA:108,3,1,0
BRDA:113,4,0,0
BRDA:113,4,1,0
BRDA:116,5,0,0
BRDA:116,5,1,0
BRDA:148,6,0,0
BRDA:148,6,1,0
BRDA:172,7,0,0
BRDA:172,7,1,0
BRDA:179,8,0,0
BRDA:179,8,1,0
BRDA:243,9,0,0
BRDA:243,9,1,0
BRDA:262,10,0,0
BRDA:262,10,1,0
BRDA:266,11,0,0
BRDA:266,11,1,0
BRDA:282,12,0,0
BRDA:282,12,1,0
BRDA:315,13,0,0
BRDA:315,13,1,0
BRDA:316,14,0,0
BRDA:316,14,1,0
BRDA:319,15,0,0
BRDA:319,15,1,0
BRDA:335,16,0,0
BRDA:335,16,1,0
BRDA:335,17,0,0
BRDA:335,17,1,0
BRDA:335,17,2,0
BRDA:376,18,0,0
BRDA:376,18,1,0
BRDA:398,19,0,0
BRDA:398,19,1,0
BRF:41
BRH:0
end_of_record
TN:
SF:src/commons/workspace/sharedb-ace.ts
FNF:0
FNH:0
LF:0
LH:0
BRF:0
BRH:0
end_of_record
TN:
SF:src/features/cseMachine/__tests__/__snapshots__/CseMachine.tsx.snap
FNF:0
FNH:0
DA:1,0
LF:1
LH:0
BRF:0
BRH:0
end_of_record
TN:
SF:src/pages/achievement/subcomponents/AchievementDashboard.tsx
FN:37,(anonymous_0)
FN:42,(anonymous_1)
FN:51,(anonymous_2)
FN:66,(anonymous_3)
FN:69,(anonymous_4)
FN:81,(anonymous_5)
FN:83,(anonymous_6)
FN:84,(anonymous_7)
FN:85,(anonymous_8)
FN:86,(anonymous_9)
FN:87,(anonymous_10)
FN:89,(anonymous_11)
FN:90,(anonymous_12)
FN:98,(anonymous_13)
FN:139,(anonymous_14)
FNF:15
FNH:0
FNDA:0,(anonymous_0)
FNDA:0,(anonymous_1)
FNDA:0,(anonymous_2)
FNDA:0,(anonymous_3)
FNDA:0,(anonymous_4)
FNDA:0,(anonymous_5)
FNDA:0,(anonymous_6)
FNDA:0,(anonymous_7)
FNDA:0,(anonymous_8)
FNDA:0,(anonymous_9)
FNDA:0,(anonymous_10)
FNDA:0,(anonymous_11)
FNDA:0,(anonymous_12)
FNDA:0,(anonymous_13)
FNDA:0,(anonymous_14)
DA:37,0
DA:42,0
DA:43,0
DA:51,0
DA:53,0
DA:54,0
DA:55,0
DA:63,0
DA:65,0
DA:66,0
DA:68,0
DA:69,0
DA:72,0
DA:81,0
DA:82,0
DA:83,0
DA:84,0
DA:85,0
DA:86,0
DA:88,0
DA:89,0
DA:91,0
DA:98,0
DA:99,0
DA:101,0
DA:105,0
DA:115,0
DA:121,0
DA:125,0
DA:126,0
DA:132,0
DA:133,0
DA:135,0
DA:136,0
DA:139,0
DA:140,0
DA:143,0
LF:37
LH:0
BRDA:99,0,0,0
BRDA:99,0,1,0
BRDA:101,1,0,0
BRDA:101,1,1,0
BRDA:115,2,0,0
BRDA:115,2,1,0
BRDA:121,3,0,0
BRDA:121,3,1,0
BRDA:121,3,2,0
BRDA:147,4,0,0
BRDA:147,4,1,0
BRDA:147,5,0,0
BRDA:147,5,1,0
BRDA:147,6,0,0
BRDA:147,6,1,0
BRDA:150,7,0,0
BRDA:150,7,1,0
BRDA:150,7,2,0
BRDA:154,8,0,0
BRDA:154,8,1,0
BRDA:160,9,0,0
BRDA:160,9,1,0
BRDA:181,10,0,0
BRDA:181,10,1,0
BRDA:181,11,0,0
BRDA:181,11,1,0
BRF:26
BRH:0
end_of_record


[1B[J