TN:
SF:src/react-app-env.ts
FNF:0
FNH:0
LF:0
LH:0
BRF:0
BRH:0
end_of_record
TN:
SF:src/commons/assessment/Assessment.tsx
FN:53,(anonymous_0)
FN:64,(anonymous_1)
FN:65,(anonymous_2)
FN:66,(anonymous_3)
FN:67,(anonymous_4)
FN:68,(anonymous_5)
FN:75,(anonymous_6)
FN:75,(anonymous_7)
FN:77,(anonymous_8)
FN:90,(anonymous_9)
FN:98,(anonymous_10)
FN:138,(anonymous_11)
FN:160,(anonymous_12)
FN:234,(anonymous_13)
FN:261,(anonymous_14)
FN:261,(anonymous_15)
FN:265,(anonymous_16)
FN:281,(anonymous_17)
FN:309,(anonymous_18)
FN:312,(anonymous_19)
FN:316,(anonymous_20)
FN:321,(anonymous_21)
FN:322,(anonymous_22)
FN:327,(anonymous_23)
FN:329,(anonymous_24)
FN:427,(anonymous_25)
FN:434,(anonymous_26)
FN:457,(anonymous_27)
FNF:28
FNH:20
FNDA:8,(anonymous_0)
FNDA:0,(anonymous_1)
FNDA:0,(anonymous_2)
FNDA:0,(anonymous_3)
FNDA:0,(anonymous_4)
FNDA:0,(anonymous_5)
FNDA:12,(anonymous_6)
FNDA:16,(anonymous_7)
FNDA:16,(anonymous_8)
FNDA:0,(anonymous_9)
FNDA:14,(anonymous_10)
FNDA:0,(anonymous_11)
FNDA:16,(anonymous_12)
FNDA:16,(anonymous_13)
FNDA:8,(anonymous_14)
FNDA:40,(anonymous_15)
FNDA:16,(anonymous_16)
FNDA:0,(anonymous_17)
FNDA:24,(anonymous_18)
FNDA:4,(anonymous_19)
FNDA:32,(anonymous_20)
FNDA:16,(anonymous_21)
FNDA:8,(anonymous_22)
FNDA:16,(anonymous_23)
FNDA:4,(anonymous_24)
FNDA:8,(anonymous_25)
FNDA:4,(anonymous_26)
FNDA:12,(anonymous_27)
DA:53,1
DA:54,8
DA:55,8
DA:56,8
DA:57,8
DA:58,8
DA:59,8
DA:61,8
DA:62,8
DA:64,8
DA:65,8
DA:66,8
DA:67,8
DA:68,8
DA:69,0
DA:70,0
DA:71,0
DA:75,16
DA:77,8
DA:78,16
DA:90,0
DA:98,8
DA:101,14
DA:103,14
DA:105,2
DA:106,2
DA:107,2
DA:109,4
DA:110,4
DA:111,4
DA:112,4
DA:114,4
DA:115,4
DA:116,4
DA:117,4
DA:119,4
DA:120,4
DA:121,4
DA:122,4
DA:125,0
DA:126,0
DA:127,0
DA:129,14
DA:139,0
DA:160,8
DA:166,16
DA:234,8
DA:239,16
DA:259,8
DA:260,8
DA:261,40
DA:265,16
DA:268,8
DA:272,0
DA:275,8
DA:276,8
DA:280,8
DA:281,0
DA:282,0
DA:283,0
DA:286,0
DA:287,0
DA:298,0
DA:303,8
DA:304,2
DA:305,6
DA:306,2
DA:309,4
DA:310,24
DA:311,4
DA:312,4
DA:316,4
DA:317,32
DA:320,4
DA:321,16
DA:322,8
DA:325,4
DA:327,16
DA:329,4
DA:333,4
DA:340,4
DA:347,4
DA:353,4
DA:363,8
DA:364,8
DA:377,8
DA:386,8
DA:392,8
DA:423,8
DA:427,8
DA:434,1
DA:439,4
DA:440,0
DA:441,0
DA:442,0
DA:445,4
DA:446,4
DA:447,4
DA:450,4
DA:457,1
DA:458,12
LF:101
LH:83
BRDA:69,0,0,0
BRDA:69,0,1,0
BRDA:86,1,0,4
BRDA:86,1,1,12
BRDA:103,2,0,2
BRDA:103,2,1,4
BRDA:103,2,2,4
BRDA:103,2,3,4
BRDA:103,2,4,0
BRDA:169,3,0,16
BRDA:169,3,1,16
BRDA:178,4,0,16
BRDA:178,4,1,0
BRDA:181,5,0,16
BRDA:181,5,1,16
BRDA:185,6,0,0
BRDA:185,6,1,16
BRDA:189,7,0,16
BRDA:189,7,1,0
BRDA:200,8,0,4
BRDA:200,8,1,12
BRDA:213,9,0,12
BRDA:213,9,1,4
BRDA:217,10,0,16
BRDA:217,10,1,12
BRDA:225,11,0,14
BRDA:225,11,1,2
BRDA:243,12,0,0
BRDA:243,12,1,16
BRDA:251,13,0,4
BRDA:251,13,1,12
BRDA:265,14,0,0
BRDA:265,14,1,8
BRDA:268,15,0,0
BRDA:268,15,1,8
BRDA:269,16,0,8
BRDA:269,16,1,0
BRDA:269,16,2,8
BRDA:269,16,3,0
BRDA:276,17,0,8
BRDA:276,17,1,8
BRDA:280,18,0,0
BRDA:280,18,1,8
BRDA:280,19,0,8
BRDA:280,19,1,0
BRDA:282,20,0,0
BRDA:282,20,1,0
BRDA:291,21,0,0
BRDA:291,21,1,0
BRDA:293,22,0,0
BRDA:293,22,1,0
BRDA:293,22,2,0
BRDA:303,23,0,2
BRDA:303,23,1,6
BRDA:305,24,0,2
BRDA:305,24,1,4
BRDA:310,25,0,24
BRDA:310,25,1,16
BRDA:317,26,0,32
BRDA:317,26,1,24
BRDA:317,26,2,16
BRDA:327,27,0,16
BRDA:327,27,1,8
BRDA:355,28,0,4
BRDA:355,28,1,0
BRDA:356,29,0,4
BRDA:356,29,1,0
BRDA:357,30,0,4
BRDA:357,30,1,0
BRDA:364,31,0,0
BRDA:364,31,1,8
BRDA:377,32,0,0
BRDA:377,32,1,8
BRDA:439,33,0,0
BRDA:439,33,1,4
BRDA:460,34,0,8
BRDA:460,34,1,4
BRF:77
BRH:51
end_of_record
TN:
SF:src/commons/workspace/sharedb-ace.ts
FNF:0
FNH:0
LF:0
LH:0
BRF:0
BRH:0
end_of_record
TN:
SF:src/i18n/i18next.ts
FNF:0
FNH:0
LF:0
LH:0
BRF:0
BRH:0
end_of_record
TN:
SF:src/pages/leaderboard/subcomponents/ContestLeaderboardWrapper.tsx
FN:11,(anonymous_0)
FN:13,(anonymous_1)
FN:17,(anonymous_2)
FN:19,(anonymous_3)
FN:25,(anonymous_4)
FN:28,(anonymous_5)
FN:83,(anonymous_6)
FN:98,(anonymous_7)
FNF:8
FNH:0
FNDA:0,(anonymous_0)
FNDA:0,(anonymous_1)
FNDA:0,(anonymous_2)
FNDA:0,(anonymous_3)
FNDA:0,(anonymous_4)
FNDA:0,(anonymous_5)
FNDA:0,(anonymous_6)
FNDA:0,(anonymous_7)
DA:11,0
DA:12,0
DA:13,0
DA:16,0
DA:17,0
DA:19,0
DA:20,0
DA:24,0
DA:25,0
DA:28,0
DA:29,0
DA:31,0
DA:83,0
DA:84,0
DA:85,0
DA:87,0
DA:88,0
DA:89,0
DA:90,0
DA:94,0
DA:96,0
DA:98,0
DA:100,0
DA:109,0
DA:110,0
LF:25
LH:0
BRDA:24,0,0,0
BRDA:24,0,1,0
BRDA:36,1,0,0
BRDA:36,1,1,0
BRDA:51,2,0,0
BRDA:51,2,1,0
BRDA:66,3,0,0
BRDA:66,3,1,0
BRDA:66,4,0,0
BRDA:66,4,1,0
BRDA:87,5,0,0
BRDA:87,5,1,0
BRDA:89,6,0,0
BRDA:89,6,1,0
BRDA:94,7,0,0
BRDA:94,7,1,0
BRDA:98,8,0,0
BRDA:98,8,1,0
BRDA:100,9,0,0
BRDA:100,9,1,0
BRDA:100,10,0,0
BRDA:100,10,1,0
BRF:22
BRH:0
end_of_record
TN:
SF:src/pages/leaderboard/subcomponents/OverallLeaderboard.tsx
FN:22,(anonymous_0)
FN:24,(anonymous_1)
FN:27,(anonymous_2)
FN:32,(anonymous_3)
FN:34,(anonymous_4)
FN:39,(anonymous_5)
FN:42,(anonymous_6)
FN:49,(anonymous_7)
FN:53,convertToRandomNumber
FN:63,(anonymous_9)
FN:69,(anonymous_10)
FN:76,(anonymous_11)
FN:88,(anonymous_12)
FN:93,(anonymous_13)
FNF:14
FNH:0
FNDA:0,(anonymous_0)
FNDA:0,(anonymous_1)
FNDA:0,(anonymous_2)
FNDA:0,(anonymous_3)
FNDA:0,(anonymous_4)
FNDA:0,(anonymous_5)
FNDA:0,(anonymous_6)
FNDA:0,(anonymous_7)
FNDA:0,convertToRandomNumber
FNDA:0,(anonymous_9)
FNDA:0,(anonymous_10)
FNDA:0,(anonymous_11)
FNDA:0,(anonymous_12)
FNDA:0,(anonymous_13)
DA:22,0
DA:24,0
DA:26,0
DA:27,0
DA:28,0
DA:32,0
DA:34,0
DA:35,0
DA:39,0
DA:40,0
DA:41,0
DA:42,0
DA:44,0
DA:49,0
DA:50,0
DA:54,0
DA:55,0
DA:56,0
DA:57,0
DA:58,0
DA:60,0
DA:63,0
DA:64,0
DA:68,0
DA:69,0
DA:77,0
DA:78,0
DA:79,0
DA:89,0
DA:93,0
DA:112,0
DA:143,0
DA:144,0
LF:33
LH:0
BRDA:78,0,0,0
BRDA:78,0,1,0
BRDA:78,1,0,0
BRDA:78,1,1,0
BRDA:78,2,0,0
BRDA:78,2,1,0
BRF:6
BRH:0
end_of_record


